[Thu, Feb 6, 2020 12:01 AM][PID=23136][[32minfo[39m]: Running bot in production
[Thu, Feb 6, 2020 12:01 AM][PID=23136][[32minfo[39m]: Successfully connected to Tor with IP: 9050.
[Thu, Feb 6, 2020 12:02 AM][PID=23156][[32minfo[39m]: Running bot in production
[Thu, Feb 6, 2020 12:02 AM][PID=23156][[32minfo[39m]: Successfully connected to Tor with IP: 9050.
[Thu, Feb 6, 2020 12:04 AM][PID=23202][[32minfo[39m]: Running bot in production
[Thu, Feb 6, 2020 12:04 AM][PID=23202][[32minfo[39m]: Successfully connected to Tor with IP: 9050.
[Thu, Feb 6, 2020 12:05 AM][PID=23252][[32minfo[39m]: Running bot in production
[Thu, Feb 6, 2020 12:05 AM][PID=23252][[32minfo[39m]: Successfully connected to Tor with IP: 9050.
[Thu, Feb 6, 2020 12:05 AM][PID=23252][[32minfo[39m]: Performing work on: https://ebbs.senate.gov/
[Thu, Feb 6, 2020 12:05 AM][PID=23252][[32minfo[39m]: Performing work on: https://ebbs.senate.gov/events/
[Thu, Feb 6, 2020 12:05 AM][PID=23252][[32minfo[39m]: Performing work on: https://ebbs.senate.gov/security/login/
[Thu, Feb 6, 2020 12:05 AM][PID=23252][[32minfo[39m]: Performing work on: https://ebbs.senate.gov/events/
[Thu, Feb 6, 2020 12:05 AM][PID=23252][[32minfo[39m]: Performing work on: https://ebbs.senate.gov/security/password/reset/
[Thu, Feb 6, 2020 12:06 AM][PID=23252][[32minfo[39m]: Performing work on: https://ebbs.senate.gov/security/login/
[Thu, Feb 6, 2020 12:06 AM][PID=23252][[32minfo[39m]: Performing work on: https://ebbs.senate.gov/events/
[Thu, Feb 6, 2020 12:06 AM][PID=23252][[32minfo[39m]: Performing work on: https://ebbs.senate.gov/security/password/reset/
[Thu, Feb 6, 2020 12:06 AM][PID=23252][[32minfo[39m]: Performing work on: https://ebbs.senate.gov/security/login/
[Thu, Feb 6, 2020 12:06 AM][PID=23252][[32minfo[39m]: Performing work on: https://ebbs.senate.gov/events/
[Thu, Feb 6, 2020 12:06 AM][PID=23252][[32minfo[39m]: Performing work on: https://ebbs.senate.gov/security/password/reset/
[Thu, Feb 6, 2020 12:06 AM][PID=23252][[32minfo[39m]: Performing work on: https://ebbs.senate.gov/security/login/
[Thu, Feb 6, 2020 12:06 AM][PID=23252][[32minfo[39m]: Performing work on: https://ebbs.senate.gov/events/
[Thu, Feb 6, 2020 12:06 AM][PID=23252][[32minfo[39m]: Performing work on: https://ebbs.senate.gov/security/password/reset/
[Thu, Feb 6, 2020 12:06 AM][PID=23252][[32minfo[39m]: Performing work on: https://ebbs.senate.gov/security/login/
[Thu, Feb 6, 2020 12:06 AM][PID=23252][[32minfo[39m]: Performing work on: https://ebbs.senate.gov/events/
[Thu, Feb 6, 2020 12:06 AM][PID=23252][[32minfo[39m]: Performing work on: https://ebbs.senate.gov/security/password/reset/
[Thu, Feb 6, 2020 12:06 AM][PID=23252][[32minfo[39m]: Performing work on: https://ebbs.senate.gov/security/login/
[Thu, Feb 6, 2020 12:06 AM][PID=23252][[32minfo[39m]: Performing work on: https://ebbs.senate.gov/events/
[Thu, Feb 6, 2020 12:06 AM][PID=23252][[32minfo[39m]: Performing work on: https://ebbs.senate.gov/security/password/reset/
[Thu, Feb 6, 2020 9:19 PM][PID=9268][[32minfo[39m]: Running bot in production
[Thu, Feb 6, 2020 9:19 PM][PID=9268][[32minfo[39m]: Successfully connected to Tor with IP: 9050.
[Thu, Feb 6, 2020 9:19 PM][PID=9268][[32minfo[39m]: Browser closed.
[Thu, Feb 6, 2020 9:22 PM][PID=9503][[32minfo[39m]: Running bot in production
[Thu, Feb 6, 2020 9:22 PM][PID=9503][[32minfo[39m]: Successfully connected to Tor with IP: 9050.
[Thu, Feb 6, 2020 9:22 PM][PID=9503][[32minfo[39m]: Browser closed.
[Thu, Feb 6, 2020 9:23 PM][PID=9793][[32minfo[39m]: Running bot in production
[Thu, Feb 6, 2020 9:23 PM][PID=9793][[32minfo[39m]: Successfully connected to Tor with IP: 9050.
[Thu, Feb 6, 2020 9:23 PM][PID=9793][[32minfo[39m]: Browser closed.
[Thu, Feb 6, 2020 9:23 PM][PID=9827][[32minfo[39m]: Running bot in production
[Thu, Feb 6, 2020 9:23 PM][PID=9827][[32minfo[39m]: Successfully connected to Tor with IP: 9050.
[Thu, Feb 6, 2020 9:23 PM][PID=9827][[32minfo[39m]: Browser closed.
[Thu, Feb 6, 2020 9:24 PM][PID=9858][[32minfo[39m]: Running bot in production
[Thu, Feb 6, 2020 9:24 PM][PID=9858][[32minfo[39m]: Successfully connected to Tor with IP: 9050.
[Thu, Feb 6, 2020 9:24 PM][PID=9858][[32minfo[39m]: Browser closed.
[Thu, Feb 6, 2020 9:25 PM][PID=9904][[32minfo[39m]: Running bot in production
[Thu, Feb 6, 2020 9:25 PM][PID=9904][[32minfo[39m]: Successfully connected to Tor with IP: 9050.
[Thu, Feb 6, 2020 9:25 PM][PID=9904][[32minfo[39m]: Browser closed.
[Thu, Feb 6, 2020 9:32 PM][PID=10072][[32minfo[39m]: Running bot in production
[Thu, Feb 6, 2020 9:32 PM][PID=10072][[32minfo[39m]: Successfully connected to Tor with IP: 9050.
[Thu, Feb 6, 2020 9:32 PM][PID=10072][[32minfo[39m]: Performing work on: https://ebbs.senate.gov/
[Thu, Feb 6, 2020 9:32 PM][PID=10072][[32minfo[39m]: Browser closed.
[Thu, Feb 6, 2020 9:33 PM][PID=10127][[32minfo[39m]: Running bot in production
[Thu, Feb 6, 2020 9:33 PM][PID=10127][[32minfo[39m]: Successfully connected to Tor with IP: 9050.
[Thu, Feb 6, 2020 9:33 PM][PID=10127][[32minfo[39m]: Performing work on: https://ebbs.senate.gov/
[Thu, Feb 6, 2020 9:33 PM][PID=10127][[32minfo[39m]: Found undefined links!
[Thu, Feb 6, 2020 9:33 PM][PID=10127][[32minfo[39m]: Browser closed.
[Thu, Feb 6, 2020 9:33 PM][PID=10162][[32minfo[39m]: Running bot in production
[Thu, Feb 6, 2020 9:33 PM][PID=10162][[32minfo[39m]: Successfully connected to Tor with IP: 9050.
[Thu, Feb 6, 2020 9:33 PM][PID=10162][[32minfo[39m]: Performing work on: https://ebbs.senate.gov/
[Thu, Feb 6, 2020 9:33 PM][PID=10162][[32minfo[39m]: Found  links!
[Thu, Feb 6, 2020 9:33 PM][PID=10162][[32minfo[39m]: Browser closed.
[Thu, Feb 6, 2020 9:34 PM][PID=10258][[32minfo[39m]: Running bot in production
[Thu, Feb 6, 2020 9:34 PM][PID=10258][[32minfo[39m]: Successfully connected to Tor with IP: 9050.
[Thu, Feb 6, 2020 9:34 PM][PID=10285][[32minfo[39m]: Running bot in production
[Thu, Feb 6, 2020 9:34 PM][PID=10285][[32minfo[39m]: Successfully connected to Tor with IP: 9050.
[Thu, Feb 6, 2020 9:35 PM][PID=10285][[32minfo[39m]: Performing work on: https://ebbs.senate.gov/
[Thu, Feb 6, 2020 9:45 PM][PID=10456][[32minfo[39m]: Running bot in production
[Thu, Feb 6, 2020 9:45 PM][PID=10456][[32minfo[39m]: Successfully connected to Tor with IP: 9050.
[Thu, Feb 6, 2020 9:45 PM][PID=10456][[32minfo[39m]: Performing work on: https://ebbs.senate.gov/
[Thu, Feb 6, 2020 9:45 PM][PID=10456][[32minfo[39m]: Found [] links!
[Thu, Feb 6, 2020 9:46 PM][PID=10510][[32minfo[39m]: Running bot in production
[Thu, Feb 6, 2020 9:46 PM][PID=10510][[32minfo[39m]: Successfully connected to Tor with IP: 9050.
[Thu, Feb 6, 2020 9:48 PM][PID=10573][[32minfo[39m]: Running bot in production
[Thu, Feb 6, 2020 9:48 PM][PID=10573][[32minfo[39m]: Successfully connected to Tor with IP: 9050.
[Thu, Feb 6, 2020 9:49 PM][PID=10639][[32minfo[39m]: Running bot in production
[Thu, Feb 6, 2020 9:49 PM][PID=10639][[32minfo[39m]: Successfully connected to Tor with IP: 9050.
[Thu, Feb 6, 2020 9:53 PM][PID=10726][[32minfo[39m]: Running bot in production
[Thu, Feb 6, 2020 9:53 PM][PID=10726][[32minfo[39m]: Successfully connected to Tor with IP: 9050.
[Thu, Feb 6, 2020 9:54 PM][PID=10770][[32minfo[39m]: Running bot in production
[Thu, Feb 6, 2020 9:54 PM][PID=10770][[32minfo[39m]: Successfully connected to Tor with IP: 9050.
[Thu, Feb 6, 2020 9:54 PM][PID=10770][[32minfo[39m]: Performing work on: https://www.nationaljournal.com/login/?next=/dashboard
[Thu, Feb 6, 2020 9:54 PM][PID=10770][[32minfo[39m]: Found 27 links!
[Thu, Feb 6, 2020 9:54 PM][PID=10770][[32minfo[39m]: Performing work on: https://www.nationaljournal.com/
[Thu, Feb 6, 2020 9:54 PM][PID=10770][[32minfo[39m]: Found 24 links!
[Thu, Feb 6, 2020 9:54 PM][PID=10770][[32minfo[39m]: Performing work on: https://www.nationaljournal.com/login/?next=/daily
[Thu, Feb 6, 2020 9:54 PM][PID=10770][[32minfo[39m]: Found 27 links!
[Thu, Feb 6, 2020 9:54 PM][PID=10770][[32minfo[39m]: Performing work on: https://www.nationaljournal.com/login/?next=/daybook
[Thu, Feb 6, 2020 9:54 PM][PID=10770][[32minfo[39m]: Found 27 links!
[Thu, Feb 6, 2020 9:54 PM][PID=10770][[32minfo[39m]: Performing work on: https://www.nationaljournal.com/login/?next=/hotline
[Thu, Feb 6, 2020 9:54 PM][PID=10770][[32minfo[39m]: Found 27 links!
[Thu, Feb 6, 2020 9:55 PM][PID=10770][[32minfo[39m]: Performing work on: https://www.nationaljournal.com/login/?next=/racetracker/
[Thu, Feb 6, 2020 9:55 PM][PID=10770][[32minfo[39m]: Found 27 links!
[Thu, Feb 6, 2020 9:55 PM][PID=10802][[32minfo[39m]: Running bot in production
[Thu, Feb 6, 2020 9:55 PM][PID=10802][[32minfo[39m]: Successfully connected to Tor with IP: 9050.
[Thu, Feb 6, 2020 9:58 PM][PID=10878][[32minfo[39m]: Running bot in production
[Thu, Feb 6, 2020 9:58 PM][PID=10878][[32minfo[39m]: Successfully connected to Tor with IP: 9050.
[Thu, Feb 6, 2020 9:58 PM][PID=10878][[32minfo[39m]: Performing work on: https://www.nationaljournal.com/login/?next=/dashboard
[Thu, Feb 6, 2020 9:58 PM][PID=10878][[32minfo[39m]: Found 27 links!
[Thu, Feb 6, 2020 9:58 PM][PID=10878][[32minfo[39m]: Performing work on: https://www.nationaljournal.com/
[Thu, Feb 6, 2020 9:58 PM][PID=10878][[32minfo[39m]: Found 24 links!
[Thu, Feb 6, 2020 9:58 PM][PID=10878][[32minfo[39m]: Performing work on: https://www.nationaljournal.com/login/?next=/daily
[Thu, Feb 6, 2020 9:58 PM][PID=10878][[32minfo[39m]: Found 27 links!
[Thu, Feb 6, 2020 9:58 PM][PID=10878][[32minfo[39m]: Performing work on: https://www.nationaljournal.com/login/?next=/daybook
[Thu, Feb 6, 2020 9:58 PM][PID=10878][[32minfo[39m]: Found 27 links!
[Thu, Feb 6, 2020 9:58 PM][PID=10878][[32minfo[39m]: Performing work on: https://www.nationaljournal.com/login/?next=/hotline
[Thu, Feb 6, 2020 9:58 PM][PID=10878][[32minfo[39m]: Found 27 links!
[Thu, Feb 6, 2020 9:59 PM][PID=10878][[32minfo[39m]: Performing work on: https://www.nationaljournal.com/login/?next=/racetracker/
[Thu, Feb 6, 2020 9:59 PM][PID=10878][[32minfo[39m]: Found 27 links!
[Thu, Feb 6, 2020 9:59 PM][PID=10878][[32minfo[39m]: Performing work on: https://www.nationaljournal.com/login/?next=/almanac/
[Thu, Feb 6, 2020 9:59 PM][PID=10878][[32minfo[39m]: Found 27 links!
[Thu, Feb 6, 2020 9:59 PM][PID=10878][[32minfo[39m]: Performing work on: https://www.nationaljournal.com/login/?next=/presentations
[Thu, Feb 6, 2020 9:59 PM][PID=10878][[32minfo[39m]: Found 27 links!
[Thu, Feb 6, 2020 9:59 PM][PID=10878][[32minfo[39m]: Performing work on: https://www.nationaljournal.com/events/membership
[Thu, Feb 6, 2020 9:59 PM][PID=10878][[32minfo[39m]: Found 27 links!
[Thu, Feb 6, 2020 9:59 PM][PID=10878][[32minfo[39m]: Performing work on: https://www.nationaljournal.com/research/
[Thu, Feb 6, 2020 9:59 PM][PID=10878][[32minfo[39m]: Found 29 links!
[Thu, Feb 6, 2020 9:59 PM][PID=10878][[32minfo[39m]: Performing work on: https://www.nationaljournal.com/login/?next=/wia-info
[Thu, Feb 6, 2020 9:59 PM][PID=10878][[32minfo[39m]: Found 27 links!
[Thu, Feb 6, 2020 9:59 PM][PID=10878][[32minfo[39m]: Performing work on: https://www.nationaljournal.com/login/?next=/2020election
[Thu, Feb 6, 2020 9:59 PM][PID=10878][[32minfo[39m]: Found 27 links!
[Thu, Feb 6, 2020 9:59 PM][PID=10878][[32minfo[39m]: Performing work on: https://www.nationaljournal.com/login
[Thu, Feb 6, 2020 9:59 PM][PID=10878][[32minfo[39m]: Found 26 links!
[Thu, Feb 6, 2020 9:59 PM][PID=10878][[32minfo[39m]: Performing work on: https://www.nationaljournal.com/login/?next=/briefcase/
[Thu, Feb 6, 2020 9:59 PM][PID=10878][[32minfo[39m]: Found 27 links!
[Thu, Feb 6, 2020 9:59 PM][PID=10878][[32minfo[39m]: Performing work on: https://www.nationaljournal.com/login?redr=my-account
[Thu, Feb 6, 2020 9:59 PM][PID=10878][[32minfo[39m]: Found 26 links!
[Thu, Feb 6, 2020 9:59 PM][PID=10878][[32minfo[39m]: Performing work on: https://www.nationaljournal.com/forgot
[Thu, Feb 6, 2020 9:59 PM][PID=10878][[32minfo[39m]: Found 25 links!
[Thu, Feb 6, 2020 9:59 PM][PID=10878][[32minfo[39m]: Performing work on: https://www.nationaljournal.com/email-login
[Thu, Feb 6, 2020 9:59 PM][PID=10878][[32minfo[39m]: Found 25 links!
[Thu, Feb 6, 2020 9:59 PM][PID=10878][[32minfo[39m]: Performing work on: https://www.nationaljournal.com/search/
[Thu, Feb 6, 2020 9:59 PM][PID=10878][[32minfo[39m]: Found 44 links!
[Thu, Feb 6, 2020 9:59 PM][PID=10878][[32minfo[39m]: Unscraped size exceeds 50-page limit.
[Thu, Feb 6, 2020 9:59 PM][PID=10878][[32minfo[39m]: Browser closed.
